[18:16:22] [main/INFO] (FabricLoader/GameProvider) Loading Minecraft 1.19.2 with Fabric Loader 0.14.9
[18:16:22] [main/INFO] (FabricLoader) Loading 46 mods:
	- birch_pickaxe 1.0.0
	- fabric-api 0.67.1+1.19.2
	- fabric-api-base 0.4.13+0d0f210290
	- fabric-api-lookup-api-v1 1.6.12+93d8cb8290
	- fabric-biome-api-v1 9.0.20+0d0f210290
	- fabric-block-api-v1 1.0.1+12bfe4ea90
	- fabric-blockrenderlayer-v1 1.1.22+c6af733c90
	- fabric-client-tags-api-v1 1.0.3+b35fea8390
	- fabric-command-api-v2 2.1.9+93d8cb8290
	- fabric-content-registries-v0 3.4.3+6064db2a90
	- fabric-convention-tags-v1 1.1.3+93d8cb8290
	- fabric-crash-report-info-v1 0.2.7+aeb40ebe90
	- fabric-data-generation-api-v1 5.3.1+ad31814d90
	- fabric-dimensions-v1 2.1.33+0d0f210290
	- fabric-entity-events-v1 1.5.2+9244241690
	- fabric-events-interaction-v0 0.4.30+c6af733c90
	- fabric-game-rule-api-v1 1.0.23+c6af733c90
	- fabric-gametest-api-v1 1.1.4+704e47e990
	- fabric-item-api-v1 1.6.1+fa140d5990
	- fabric-item-groups-v0 0.3.35+9244241690
	- fabric-key-binding-api-v1 1.0.23+aaaf9d3390
	- fabric-lifecycle-events-v1 2.2.2+9244241690
	- fabric-loot-api-v2 1.1.9+83a8659290
	- fabric-message-api-v1 5.0.5+93d8cb8290
	- fabric-mining-level-api-v1 2.1.20+33fbc73890
	- fabric-models-v0 0.3.19+c6af733c90
	- fabric-networking-api-v1 1.2.7+9244241690
	- fabric-object-builder-api-v1 4.1.2+06e0e25190
	- fabric-particles-v1 1.0.12+79adfe0a90
	- fabric-registry-sync-v0 0.9.28+9244241690
	- fabric-renderer-api-v1 1.0.14+12bfe4ea90
	- fabric-renderer-indigo 0.6.16+aeb40ebe90
	- fabric-rendering-data-attachment-v1 0.3.17+0d0f210290
	- fabric-rendering-fluids-v1 3.0.9+c6af733c90
	- fabric-rendering-v1 1.11.1+73145abb90
	- fabric-resource-conditions-api-v1 2.1.1+aae9039d90
	- fabric-resource-loader-v0 0.8.1+0d0f210290
	- fabric-screen-api-v1 1.0.29+0d0f210290
	- fabric-screen-handler-api-v1 1.3.3+1cc24b1b90
	- fabric-sound-api-v1 1.0.1+c4f28df590
	- fabric-textures-v0 1.0.22+aeb40ebe90
	- fabric-transfer-api-v1 2.1.3+9d081d6490
	- fabric-transitive-access-wideners-v1 1.3.2+42d99c3290
	- fabricloader 0.14.9
	- java 17
	- minecraft 1.19.2
[18:16:22] [main/INFO] (FabricLoader/Mixin) SpongePowered MIXIN Subsystem Version=0.8.5 Source=file:/C:/Users/Clark/.mcreator/gradle/caches/modules-2/files-2.1/net.fabricmc/sponge-mixin/0.11.4+mixin.0.8.5/c1dc27696aa4006e492c2485c9ccbcb26045a971/sponge-mixin-0.11.4+mixin.0.8.5.jar Service=Knot/Fabric Env=CLIENT
[18:16:23] [main/INFO] (FabricLoader/Mixin) Loaded Fabric development mappings for mixin remapper!
[18:16:23] [main/INFO] (FabricLoader/Mixin) Compatibility level set to JAVA_16
[18:16:23] [main/INFO] (FabricLoader/Mixin) Compatibility level set to JAVA_17
[18:16:24] [main/WARN] (FileUtil) Configuration conflict: there is more than one oshi.properties file on the classpath
[18:16:24] [main/WARN] (FileUtil) Configuration conflict: there is more than one oshi.architecture.properties file on the classpath
[18:16:27] [main/INFO] (Minecraft) Building optimized datafixer
[18:16:34] [Render thread/INFO] (Minecraft) Environment: authHost='https://authserver.mojang.com', accountsHost='https://api.mojang.com', sessionHost='https://sessionserver.mojang.com', servicesHost='https://api.minecraftservices.com', name='PROD'
[18:16:35] [Render thread/ERROR] (fabric-screen-api-v1) Failed to verify authentication
com.mojang.authlib.exceptions.InvalidCredentialsException: Status: 401
	at com.mojang.authlib.exceptions.MinecraftClientHttpException.toAuthenticationException(MinecraftClientHttpException.java:56) ~[authlib-3.11.49.jar:?]
	at com.mojang.authlib.yggdrasil.YggdrasilUserApiService.fetchProperties(YggdrasilUserApiService.java:155) ~[authlib-3.11.49.jar:?]
	at com.mojang.authlib.yggdrasil.YggdrasilUserApiService.<init>(YggdrasilUserApiService.java:55) ~[authlib-3.11.49.jar:?]
	at com.mojang.authlib.yggdrasil.YggdrasilAuthenticationService.createUserApiService(YggdrasilAuthenticationService.java:161) ~[authlib-3.11.49.jar:?]
	at net.minecraft.client.Minecraft.createUserApiService(Minecraft.java:626) [minecraft-project-@-merged-named.jar:?]
	at net.minecraft.client.Minecraft.<init>(Minecraft.java:428) [minecraft-project-@-merged-named.jar:?]
	at net.minecraft.client.main.Main.run(Main.java:184) [minecraft-project-@-merged-named.jar:?]
	at net.minecraft.client.main.Main.main(Main.java:55) [minecraft-project-@-merged-named.jar:?]
	at net.fabricmc.loader.impl.game.minecraft.MinecraftGameProvider.launch(MinecraftGameProvider.java:461) [fabric-loader-0.14.9.jar:?]
	at net.fabricmc.loader.impl.launch.knot.Knot.launch(Knot.java:74) [fabric-loader-0.14.9.jar:?]
	at net.fabricmc.loader.impl.launch.knot.KnotClient.main(KnotClient.java:23) [fabric-loader-0.14.9.jar:?]
	at net.fabricmc.devlaunchinjector.Main.main(Main.java:86) [dev-launch-injector-0.2.1+build.8.jar:?]
Caused by: com.mojang.authlib.exceptions.MinecraftClientHttpException: Status: 401
	at com.mojang.authlib.minecraft.client.MinecraftClient.readInputStream(MinecraftClient.java:87) ~[authlib-3.11.49.jar:?]
	at com.mojang.authlib.minecraft.client.MinecraftClient.get(MinecraftClient.java:48) ~[authlib-3.11.49.jar:?]
	at com.mojang.authlib.yggdrasil.YggdrasilUserApiService.fetchProperties(YggdrasilUserApiService.java:129) ~[authlib-3.11.49.jar:?]
	... 10 more
[18:16:35] [Render thread/INFO] (fabric-screen-api-v1) Setting user: Player634
[18:16:36] [Render thread/INFO] (BirchPickaxeMod) Initializing BirchPickaxeMod
[18:16:36] [Render thread/INFO] (Indigo) [Indigo] Registering Indigo renderer!
[18:16:37] [Render thread/WARN] (Minecraft) Skipping bad option: 
[18:16:38] [Render thread/INFO] (fabric-screen-api-v1) Backend library: LWJGL version 3.3.1 SNAPSHOT
[18:16:43] [Worker-Main-24/ERROR] (Minecraft) Failed to retrieve profile key pair
java.io.IOException: Could not retrieve profile key pair
	at net.minecraft.client.multiplayer.ProfileKeyPairManager.fetchProfileKeyPair(ProfileKeyPairManager.java:151) ~[minecraft-project-@-merged-named.jar:?]
	at net.minecraft.client.multiplayer.ProfileKeyPairManager.method_44291(ProfileKeyPairManager.java:72) ~[minecraft-project-@-merged-named.jar:?]
	at java.util.concurrent.CompletableFuture$AsyncSupply.run(CompletableFuture.java:1768) [?:?]
	at java.util.concurrent.CompletableFuture$AsyncSupply.exec(CompletableFuture.java:1760) [?:?]
	at java.util.concurrent.ForkJoinTask.doExec(ForkJoinTask.java:373) [?:?]
	at java.util.concurrent.ForkJoinPool$WorkQueue.topLevelExec(ForkJoinPool.java:1182) [?:?]
	at java.util.concurrent.ForkJoinPool.scan(ForkJoinPool.java:1655) [?:?]
	at java.util.concurrent.ForkJoinPool.runWorker(ForkJoinPool.java:1622) [?:?]
	at java.util.concurrent.ForkJoinWorkerThread.run(ForkJoinWorkerThread.java:165) [?:?]
[18:16:43] [Render thread/INFO] (Minecraft) Reloading ResourceManager: Default, Fabric Mods (Fabric Key Binding API (v1), Fabric Sound API (v1), Fabric Resource Loader (v0), Fabric Renderer API (v1), Fabric Object Builder API (v1), Fabric BlockRenderLayer Registration (v1), Fabric Rendering Fluids (v1), Fabric Events Interaction (v0), Fabric Particles (v1), Fabric Screen API (v1), Fabric Client Tags, Fabric Textures (v0), Fabric Transfer API (v1), Fabric Renderer - Indigo, Fabric Loot API (v2), Fabric Loader, Fabric Convention Tags, Fabric Lifecycle Events (v1), Fabric Command API (v2), Fabric Data Generation API (v1), Fabric Item Groups (v0), Fabric Networking API (v1), Fabric Rendering Data Attachment (v1), Fabric Models (v0), Fabric Item API (v1), Fabric Content Registries (v0), Fabric Dimensions API (v1), Fabric Registry Sync (v0), Fabric Crash Report Info (v1), Birch Pickaxe, Fabric API Lookup API (v1), Fabric API, Fabric Transitive Access Wideners (v1), Fabric Entity Events (v1), Fabric Rendering (v1), Fabric Screen Handler API (v1), Fabric Game Rule API (v1), Fabric Biome API (v1), Fabric API Base, Fabric Mining Level API (v1), Fabric Game Test API (v1), Fabric Resource Conditions API (v1), Fabric Message API (v1))
[18:16:43] [Realms Notification Availability checker #1/INFO] (Minecraft) Could not authorize you against Realms server: Invalid session id
[18:16:47] [Render thread/WARN] (Minecraft) Missing sound for event: minecraft:item.goat_horn.play
[18:16:47] [Render thread/WARN] (Minecraft) Missing sound for event: minecraft:entity.goat.screaming.horn_break
[18:16:47] [Render thread/INFO] (Minecraft) OpenAL initialized on device OpenAL Soft on SteelSeries Sonar - Gaming (SteelSeries Sonar Virtual Audio Device)
[18:16:47] [Render thread/INFO] (Minecraft) Sound engine started
[18:16:47] [Render thread/INFO] (Minecraft) Created: 1024x1024x2 minecraft:textures/atlas/blocks.png-atlas
[18:16:47] [Render thread/INFO] (Minecraft) Created: 256x128x2 minecraft:textures/atlas/signs.png-atlas
[18:16:47] [Render thread/INFO] (Minecraft) Created: 1024x512x2 minecraft:textures/atlas/banner_patterns.png-atlas
[18:16:47] [Render thread/INFO] (Minecraft) Created: 1024x512x2 minecraft:textures/atlas/shield_patterns.png-atlas
[18:16:47] [Render thread/INFO] (Minecraft) Created: 256x256x2 minecraft:textures/atlas/chest.png-atlas
[18:16:47] [Render thread/INFO] (Minecraft) Created: 512x256x2 minecraft:textures/atlas/beds.png-atlas
[18:16:47] [Render thread/INFO] (Minecraft) Created: 512x256x2 minecraft:textures/atlas/shulker_boxes.png-atlas
[18:16:49] [Render thread/WARN] (Minecraft) Shader rendertype_entity_translucent_emissive could not find sampler named Sampler2 in the specified shader program.
[18:16:49] [Render thread/INFO] (Minecraft) Created: 512x256x0 minecraft:textures/atlas/particles.png-atlas
[18:16:49] [Render thread/INFO] (Minecraft) Created: 256x256x0 minecraft:textures/atlas/paintings.png-atlas
[18:16:49] [Render thread/INFO] (Minecraft) Created: 256x128x0 minecraft:textures/atlas/mob_effects.png-atlas
[18:16:49] [Worker-Bootstrap-16/INFO] (Minecraft) 4283 Datafixer optimizations took 22314 milliseconds
[18:16:54] [Render thread/INFO] (Minecraft) Loaded 7 recipes
[18:16:55] [Render thread/INFO] (Minecraft) Loaded 1179 advancements
[18:17:10] [Render thread/INFO] (Minecraft) Loaded 7 recipes
[18:17:10] [Render thread/INFO] (Minecraft) Loaded 1179 advancements
[18:17:10] [Worker-Main-47/ERROR] (Minecraft) Failed to retrieve profile key pair
java.io.IOException: Could not retrieve profile key pair
	at net.minecraft.client.multiplayer.ProfileKeyPairManager.fetchProfileKeyPair(ProfileKeyPairManager.java:151) ~[minecraft-project-@-merged-named.jar:?]
	at net.minecraft.client.multiplayer.ProfileKeyPairManager.method_44291(ProfileKeyPairManager.java:72) ~[minecraft-project-@-merged-named.jar:?]
	at java.util.concurrent.CompletableFuture$AsyncSupply.run(CompletableFuture.java:1768) [?:?]
	at java.util.concurrent.CompletableFuture$AsyncSupply.exec(CompletableFuture.java:1760) [?:?]
	at java.util.concurrent.ForkJoinTask.doExec(ForkJoinTask.java:373) [?:?]
	at java.util.concurrent.ForkJoinPool$WorkQueue.topLevelExec(ForkJoinPool.java:1182) [?:?]
	at java.util.concurrent.ForkJoinPool.scan(ForkJoinPool.java:1655) [?:?]
	at java.util.concurrent.ForkJoinPool.runWorker(ForkJoinPool.java:1622) [?:?]
	at java.util.concurrent.ForkJoinWorkerThread.run(ForkJoinWorkerThread.java:165) [?:?]
[18:17:10] [Render thread/INFO] (BiomeModificationImpl) Applied 0 biome modifications to 0 of 63 new biomes in 2.730 ms
[18:17:10] [Server thread/INFO] (Minecraft) Starting integrated minecraft server version 1.19.2
[18:17:10] [Server thread/INFO] (Minecraft) Generating keypair
[18:17:19] [Server thread/INFO] (Minecraft) Preparing start region for dimension minecraft:overworld
[18:17:19] [Render thread/INFO] (Minecraft) Preparing spawn area: 0%
[18:17:19] [Render thread/INFO] (Minecraft) Preparing spawn area: 0%
[18:17:20] [Render thread/INFO] (Minecraft) Preparing spawn area: 0%
[18:17:20] [Render thread/INFO] (Minecraft) Preparing spawn area: 0%
[18:17:21] [Render thread/INFO] (Minecraft) Preparing spawn area: 2%
[18:17:21] [Render thread/INFO] (Minecraft) Preparing spawn area: 4%
[18:17:22] [Render thread/INFO] (Minecraft) Preparing spawn area: 7%
[18:17:22] [Render thread/INFO] (Minecraft) Preparing spawn area: 12%
[18:17:23] [Render thread/INFO] (Minecraft) Preparing spawn area: 17%
[18:17:23] [Render thread/INFO] (Minecraft) Preparing spawn area: 23%
[18:17:24] [Render thread/INFO] (Minecraft) Preparing spawn area: 29%
[18:17:24] [Render thread/INFO] (Minecraft) Preparing spawn area: 35%
[18:17:25] [Render thread/INFO] (Minecraft) Preparing spawn area: 42%
[18:17:25] [Render thread/INFO] (Minecraft) Preparing spawn area: 47%
[18:17:26] [Render thread/INFO] (Minecraft) Preparing spawn area: 55%
[18:17:26] [Render thread/INFO] (Minecraft) Preparing spawn area: 60%
[18:17:27] [Render thread/INFO] (Minecraft) Preparing spawn area: 68%
[18:17:27] [Render thread/INFO] (Minecraft) Preparing spawn area: 75%
[18:17:28] [Render thread/INFO] (Minecraft) Preparing spawn area: 80%
[18:17:28] [Render thread/INFO] (Minecraft) Preparing spawn area: 85%
[18:17:29] [Render thread/INFO] (Minecraft) Preparing spawn area: 92%
[18:17:29] [Render thread/INFO] (Minecraft) Preparing spawn area: 96%
[18:17:29] [Render thread/INFO] (Minecraft) Time elapsed: 10615 ms
[18:17:29] [Server thread/INFO] (Minecraft) Changing view distance to 8, from 10
[18:17:29] [Server thread/INFO] (Minecraft) Changing simulation distance to 12, from 0
[18:17:30] [Server thread/INFO] (Minecraft) Player634[local:E:53c46267] logged in with entity id 199 at (-185.5, 71.0, -34.5)
[18:17:31] [Server thread/INFO] (Minecraft) Player634 joined the game
[18:17:31] [Render thread/INFO] (Minecraft) Loaded 0 advancements
[18:17:33] [Server thread/INFO] (Minecraft) Saving and pausing game...
[18:17:33] [Server thread/INFO] (Minecraft) Saving chunks for level 'ServerLevel[Birch Pickaxe Showcase]'/minecraft:overworld
[18:17:33] [Server thread/INFO] (Minecraft) Saving chunks for level 'ServerLevel[Birch Pickaxe Showcase]'/minecraft:the_nether
[18:17:33] [Server thread/INFO] (Minecraft) Saving chunks for level 'ServerLevel[Birch Pickaxe Showcase]'/minecraft:the_end
[18:17:48] [Render thread/INFO] (Minecraft) [System] [CHAT] [Debug]: Advanced tooltips: shown
[18:17:56] [Server thread/INFO] (Minecraft) [Player634: Set own game mode to Survival Mode]
[18:17:56] [Render thread/INFO] (Minecraft) [System] [CHAT] Set own game mode to Survival Mode
[18:18:46] [Server thread/INFO] (Minecraft) [Player634: Set own game mode to Creative Mode]
[18:18:46] [Render thread/INFO] (Minecraft) [System] [CHAT] Set own game mode to Creative Mode
[18:19:20] [Server thread/INFO] (Minecraft) [Player634: Set own game mode to Spectator Mode]
[18:19:20] [Render thread/INFO] (Minecraft) [System] [CHAT] Set own game mode to Spectator Mode
[18:19:24] [Server thread/INFO] (Minecraft) [Player634: Set own game mode to Survival Mode]
[18:19:24] [Render thread/INFO] (Minecraft) [System] [CHAT] Set own game mode to Survival Mode
[18:19:58] [Server thread/INFO] (Minecraft) [Player634: Set own game mode to Creative Mode]
[18:19:58] [Render thread/INFO] (Minecraft) [System] [CHAT] Set own game mode to Creative Mode
[18:20:06] [Server thread/INFO] (Minecraft) Saving and pausing game...
[18:20:06] [Server thread/INFO] (Minecraft) Saving chunks for level 'ServerLevel[Birch Pickaxe Showcase]'/minecraft:overworld
[18:20:06] [Server thread/INFO] (Minecraft) Saving chunks for level 'ServerLevel[Birch Pickaxe Showcase]'/minecraft:the_nether
[18:20:06] [Server thread/INFO] (Minecraft) Saving chunks for level 'ServerLevel[Birch Pickaxe Showcase]'/minecraft:the_end
[18:20:06] [Server thread/INFO] (Minecraft) Player634 lost connection: Disconnected
[18:20:06] [Server thread/INFO] (Minecraft) Player634 left the game
[18:20:06] [Server thread/INFO] (Minecraft) Stopping singleplayer server as player logged out
[18:20:06] [Server thread/INFO] (Minecraft) Stopping server
[18:20:06] [Server thread/INFO] (Minecraft) Saving players
[18:20:06] [Server thread/INFO] (Minecraft) Saving worlds
[18:20:07] [Server thread/INFO] (Minecraft) Saving chunks for level 'ServerLevel[Birch Pickaxe Showcase]'/minecraft:overworld
[18:20:13] [Server thread/INFO] (Minecraft) Saving chunks for level 'ServerLevel[Birch Pickaxe Showcase]'/minecraft:the_nether
[18:20:13] [Server thread/INFO] (Minecraft) Saving chunks for level 'ServerLevel[Birch Pickaxe Showcase]'/minecraft:the_end
[18:20:13] [Server thread/INFO] (Minecraft) ThreadedAnvilChunkStorage (Birch Pickaxe Showcase): All chunks are saved
[18:20:13] [Server thread/INFO] (Minecraft) ThreadedAnvilChunkStorage (DIM-1): All chunks are saved
[18:20:13] [Server thread/INFO] (Minecraft) ThreadedAnvilChunkStorage (DIM1): All chunks are saved
[18:20:13] [Server thread/INFO] (Minecraft) ThreadedAnvilChunkStorage: All dimensions are saved
[18:20:19] [Render thread/INFO] (fabric-screen-api-v1) Stopping!
